<?xml version="1.0" encoding="UTF-8"?>
<!-- Generated by org.testng.reporters.JUnitReportReporter -->
<testsuite skipped="1" hostname="LAPTOP-0GRVN3IV" name="APIAutomation.rest_assured_test_project.apiTests" tests="3" failures="0" timestamp="2021-02-03T18:32:29 CST" time="2.599" errors="0">
  <testcase name="create_CARD" time="2.266" classname="APIAutomation.rest_assured_test_project.apiTests"/>
  <system-out/>
  <testcase name="create_CARD" time="0.333" classname="APIAutomation.rest_assured_test_project.apiTests"/>
  <system-out/>
  <testcase name="retrieve_CARD" classname="APIAutomation.rest_assured_test_project.apiTests">
    <skipped/>
  </testcase> <!-- retrieve_CARD -->
  <system-out/>
</testsuite> <!-- APIAutomation.rest_assured_test_project.apiTests -->
