<?xml version="1.0" encoding="UTF-8"?>
<!-- Generated by org.testng.reporters.JUnitReportReporter -->
<testsuite skipped="0" hostname="LAPTOP-0GRVN3IV" name="com.nancy.automation.rest_assured_test_project.APITests" tests="3" failures="0" timestamp="2021-02-04T10:26:08 CST" time="3.829" errors="0">
  <testcase name="valid_UserCreation" time="2.994" classname="com.nancy.automation.rest_assured_test_project.APITests"/>
  <system-out/>
  <testcase name="invalid_UserCreation" time="0.506" classname="com.nancy.automation.rest_assured_test_project.APITests"/>
  <system-out/>
  <testcase name="retrieve_CARD" time="0.329" classname="com.nancy.automation.rest_assured_test_project.APITests"/>
  <system-out/>
</testsuite> <!-- com.nancy.automation.rest_assured_test_project.APITests -->
