<?xml version="1.0" encoding="UTF-8"?>
<!-- Generated by org.testng.reporters.JUnitReportReporter -->
<testsuite skipped="0" hostname="LAPTOP-0GRVN3IV" name="APIAutomation.rest_assured_test_project.createCARDTest" tests="1" failures="0" timestamp="2021-02-02T18:59:33 CST" time="2.748" errors="0">
  <testcase name="test1" time="2.748" classname="APIAutomation.rest_assured_test_project.createCARDTest"/>
  <system-out/>
</testsuite> <!-- APIAutomation.rest_assured_test_project.createCARDTest -->
