<?xml version="1.0" encoding="UTF-8"?>
<!-- Generated by org.testng.reporters.JUnitReportReporter -->
<testsuite skipped="0" hostname="LAPTOP-0GRVN3IV" name="com.nancy.automation.rest_assured_test_project.UserTests" tests="3" failures="0" timestamp="2021-02-04T17:27:24 CST" time="4.009" errors="0">
  <testcase name="valid_UserCreation" time="3.226" classname="com.nancy.automation.rest_assured_test_project.UserTests"/>
  <system-out/>
  <testcase name="invalid_UserCreation" time="0.450" classname="com.nancy.automation.rest_assured_test_project.UserTests"/>
  <system-out/>
  <testcase name="retrieve_CARD" time="0.333" classname="com.nancy.automation.rest_assured_test_project.UserTests"/>
  <system-out/>
</testsuite> <!-- com.nancy.automation.rest_assured_test_project.UserTests -->
